[INFO  2024/11/2 16:02:13] ...m-data/lazy/mason.nvim/lua/mason-core/installer/init.lua:184: Executing installer for Package(name=stylua) {}
[INFO  2024/11/2 16:02:13] ...m-data/lazy/mason.nvim/lua/mason-core/installer/init.lua:184: Executing installer for Package(name=shfmt) {}
[INFO  2024/11/2 16:02:19] ...m-data/lazy/mason.nvim/lua/mason-core/installer/init.lua:245: Installation succeeded for Package(name=stylua)
[INFO  2024/11/2 16:02:30] ...m-data/lazy/mason.nvim/lua/mason-core/installer/init.lua:245: Installation succeeded for Package(name=shfmt)
[INFO  2024/11/2 16:09:38] ...m-data/lazy/mason.nvim/lua/mason-core/installer/init.lua:184: Executing installer for Package(name=lua-language-server) {}
[INFO  2024/11/2 16:09:45] ...m-data/lazy/mason.nvim/lua/mason-core/installer/init.lua:245: Installation succeeded for Package(name=lua-language-server)
[INFO  2024/11/2 21:38:32] ...m-data/lazy/mason.nvim/lua/mason-core/installer/init.lua:184: Executing installer for Package(name=cpptools) {}
[INFO  2024/11/2 21:38:50] ...m-data/lazy/mason.nvim/lua/mason-core/installer/init.lua:245: Installation succeeded for Package(name=cpptools)
[INFO  2024/11/2 21:38:58] ...m-data/lazy/mason.nvim/lua/mason-core/installer/init.lua:184: Executing installer for Package(name=clangd) {}
[INFO  2024/11/2 21:39:08] ...m-data/lazy/mason.nvim/lua/mason-core/installer/init.lua:245: Installation succeeded for Package(name=clangd)
[INFO  2024/11/3 14:06:57] ...m-data/lazy/mason.nvim/lua/mason-core/installer/init.lua:184: Executing installer for Package(name=cpptools) {}
[ERROR 2024/11/3 14:07:18] ...m-data/lazy/mason.nvim/lua/mason-core/installer/init.lua:249: Installation failed for Package(name=cpptools) error="Installation was aborted."
[INFO  2024/11/3 15:10:00] ...m-data/lazy/mason.nvim/lua/mason-core/installer/init.lua:184: Executing installer for Package(name=cpptools) {}
[INFO  2024/11/3 15:10:11] ...m-data/lazy/mason.nvim/lua/mason-core/installer/init.lua:245: Installation succeeded for Package(name=cpptools)
[INFO  2024/11/3 15:10:49] ...m-data/lazy/mason.nvim/lua/mason-core/installer/init.lua:184: Executing installer for Package(name=cpptools) {}
[INFO  2024/11/3 15:11:03] ...m-data/lazy/mason.nvim/lua/mason-core/installer/init.lua:184: Executing installer for Package(name=clangd) {}
[INFO  2024/11/3 15:11:10] ...m-data/lazy/mason.nvim/lua/mason-core/installer/init.lua:245: Installation succeeded for Package(name=clangd)
[ERROR 2024/11/3 15:11:27] ...m-data/lazy/mason.nvim/lua/mason-core/installer/init.lua:249: Installation failed for Package(name=cpptools) error="Installation was aborted."
[INFO  2024/11/3 15:14:14] ...m-data/lazy/mason.nvim/lua/mason-core/installer/init.lua:184: Executing installer for Package(name=clangd) {}
[ERROR 2024/11/3 15:14:55] ...m-data/lazy/mason.nvim/lua/mason-core/installer/init.lua:249: Installation failed for Package(name=clangd) error="Installation was aborted."
[INFO  2024/11/4 17:19:58] ...m-data/lazy/mason.nvim/lua/mason-core/installer/init.lua:184: Executing installer for Package(name=clangd) {}
[INFO  2024/11/4 17:20:05] ...m-data/lazy/mason.nvim/lua/mason-core/installer/init.lua:245: Installation succeeded for Package(name=clangd)
[INFO  2024/11/4 17:21:45] ...m-data/lazy/mason.nvim/lua/mason-core/installer/init.lua:184: Executing installer for Package(name=clangd) {}
[ERROR 2024/11/4 17:21:53] ...m-data/lazy/mason.nvim/lua/mason-core/installer/init.lua:249: Installation failed for Package(name=clangd) error='...ta/Local/nvim-data/lazy/mason.nvim/lua/mason-core/fs.lua:53: rmrf: Could not remove directory "C:\\\\Users\\\\Shawn\\\\AppData\\\\Local\\\\nvim-data\\\\mason\\\\packages\\\\clangd".'
[INFO  2024/11/4 17:28:36] ...m-data/lazy/mason.nvim/lua/mason-core/installer/init.lua:184: Executing installer for Package(name=clangd) {}
[INFO  2024/11/4 17:28:43] ...m-data/lazy/mason.nvim/lua/mason-core/installer/init.lua:245: Installation succeeded for Package(name=clangd)
[INFO  2024/11/4 17:29:06] ...m-data/lazy/mason.nvim/lua/mason-core/installer/init.lua:184: Executing installer for Package(name=clang-format) {}
[ERROR 2024/11/4 17:29:06] ...m-data/lazy/mason.nvim/lua/mason-core/providers/init.lua:81: Provider "pypi" "get_supported_python_versions" failed: "Package does not specify supported Python versions."
[ERROR 2024/11/4 17:29:07] ...m-data/lazy/mason.nvim/lua/mason-core/providers/init.lua:81: Provider "pypi" "get_supported_python_versions" failed: "Package does not specify supported Python versions."
[ERROR 2024/11/4 17:29:07] ...m-data/lazy/mason.nvim/lua/mason-core/providers/init.lua:92: No provider implementation succeeded for pypi.get_supported_python_versions
[INFO  2024/11/4 17:29:13] ...m-data/lazy/mason.nvim/lua/mason-core/installer/init.lua:245: Installation succeeded for Package(name=clang-format)
[INFO  2024/11/4 17:44:52] ...m-data/lazy/mason.nvim/lua/mason-core/installer/init.lua:184: Executing installer for Package(name=clangd) {}
[INFO  2024/11/4 17:44:59] ...m-data/lazy/mason.nvim/lua/mason-core/installer/init.lua:245: Installation succeeded for Package(name=clangd)
[ERROR 2024/11/10 19:53:03] ...ta/lazy/mason.nvim/lua/mason-registry/sources/github.lua:146: Failed to install registry GitHubRegistrySource(repo=mason-org/mason-registry). "Failed to download registry archive."
[ERROR 2024/11/12 18:13:15] ...ta/lazy/mason.nvim/lua/mason-registry/sources/github.lua:146: Failed to install registry GitHubRegistrySource(repo=mason-org/mason-registry). "Failed to download registry archive."
[ERROR 2024/11/19 18:51:49] ...ta/lazy/mason.nvim/lua/mason-registry/sources/github.lua:146: Failed to install registry GitHubRegistrySource(repo=mason-org/mason-registry). "Failed to download registry archive."
[ERROR 2024/11/19 18:54:44] ...ta/lazy/mason.nvim/lua/mason-registry/sources/github.lua:146: Failed to install registry GitHubRegistrySource(repo=mason-org/mason-registry). "Failed to download registry archive."
[ERROR 2024/11/24 8:48:35] ...ta/lazy/mason.nvim/lua/mason-registry/sources/github.lua:146: Failed to install registry GitHubRegistrySource(repo=mason-org/mason-registry). "Failed to download registry archive."
[ERROR 2024/11/29 6:28:39] ...ta/lazy/mason.nvim/lua/mason-registry/sources/github.lua:146: Failed to install registry GitHubRegistrySource(repo=mason-org/mason-registry). "Failed to download registry archive."
[ERROR 2024/12/1 8:33:16] ...ta/lazy/mason.nvim/lua/mason-registry/sources/github.lua:146: Failed to install registry GitHubRegistrySource(repo=mason-org/mason-registry). "Failed to download registry archive."
[ERROR 2024/12/1 8:36:00] ...ta/lazy/mason.nvim/lua/mason-registry/sources/github.lua:146: Failed to install registry GitHubRegistrySource(repo=mason-org/mason-registry). "Failed to download registry archive."
[INFO  2024/12/1 12:42:28] ...m-data/lazy/mason.nvim/lua/mason-core/installer/init.lua:184: Executing installer for Package(name=lua-language-server) {}
[ERROR 2024/12/1 12:42:37] ...zy/mason.nvim/lua/mason-core/installer/registry/init.lua:186: Failed to download schemas Package(name=lua-language-server) Schema download timed out.
[INFO  2024/12/1 12:42:38] ...m-data/lazy/mason.nvim/lua/mason-core/installer/init.lua:245: Installation succeeded for Package(name=lua-language-server)
[ERROR 2024/12/3 18:16:21] ...ta/lazy/mason.nvim/lua/mason-registry/sources/github.lua:146: Failed to install registry GitHubRegistrySource(repo=mason-org/mason-registry). "Failed to download registry archive."
[ERROR 2024/12/3 18:52:36] ...ta/lazy/mason.nvim/lua/mason-registry/sources/github.lua:146: Failed to install registry GitHubRegistrySource(repo=mason-org/mason-registry). "Failed to download registry archive."
[ERROR 2024/12/3 19:14:31] ...ta/lazy/mason.nvim/lua/mason-registry/sources/github.lua:146: Failed to install registry GitHubRegistrySource(repo=mason-org/mason-registry). "Failed to download registry archive."
[ERROR 2024/12/5 22:12:12] ...ta/lazy/mason.nvim/lua/mason-registry/sources/github.lua:146: Failed to install registry GitHubRegistrySource(repo=mason-org/mason-registry). "Failed to download registry archive."
[ERROR 2024/12/6 21:29:16] ...ta/lazy/mason.nvim/lua/mason-registry/sources/github.lua:146: Failed to install registry GitHubRegistrySource(repo=mason-org/mason-registry). "Failed to download registry archive."
[ERROR 2024/12/8 20:48:02] ...ta/lazy/mason.nvim/lua/mason-registry/sources/github.lua:146: Failed to install registry GitHubRegistrySource(repo=mason-org/mason-registry). "Failed to download registry archive."
[ERROR 2024/12/13 18:19:26] ...ta/lazy/mason.nvim/lua/mason-registry/sources/github.lua:146: Failed to install registry GitHubRegistrySource(repo=mason-org/mason-registry). "Failed to download registry archive."
[ERROR 2024/12/13 20:29:36] ...ta/lazy/mason.nvim/lua/mason-registry/sources/github.lua:146: Failed to install registry GitHubRegistrySource(repo=mason-org/mason-registry). "Failed to download registry archive."
[ERROR 2024/12/14 21:52:32] ...ta/lazy/mason.nvim/lua/mason-registry/sources/github.lua:146: Failed to install registry GitHubRegistrySource(repo=mason-org/mason-registry). "Failed to download registry archive."
[ERROR 2024/12/14 22:08:14] ...ta/lazy/mason.nvim/lua/mason-registry/sources/github.lua:146: Failed to install registry GitHubRegistrySource(repo=mason-org/mason-registry). "Failed to download registry archive."
